This is pdfTeX, Version 3.14159265-2.6-1.40.20 (TeX Live 2019/Debian) (preloaded format=pdflatex 2022.3.17)  21 SEP 2022 09:56
entering extended mode
 restricted \write18 enabled.
 %&-line parsing enabled.
**main.tex
(./main.tex
LaTeX2e <2020-02-02> patch level 2
L3 programming layer <2020-02-14>
(/usr/share/texlive/texmf-dist/tex/latex/base/article.cls
Document Class: article 2019/12/20 v1.4l Standard LaTeX document class
(/usr/share/texlive/texmf-dist/tex/latex/base/size12.clo
File: size12.clo 2019/12/20 v1.4l Standard LaTeX file (size option)
)
\c@part=\count167
\c@section=\count168
\c@subsection=\count169
\c@subsubsection=\count170
\c@paragraph=\count171
\c@subparagraph=\count172
\c@figure=\count173
\c@table=\count174
\abovecaptionskip=\skip47
\belowcaptionskip=\skip48
\bibindent=\dimen134
)
(/usr/share/texlive/texmf-dist/tex/latex/geometry/geometry.sty
Package: geometry 2020/01/02 v5.9 Page Geometry

(/usr/share/texlive/texmf-dist/tex/latex/graphics/keyval.sty
Package: keyval 2014/10/28 v1.15 key=value parser (DPC)
\KV@toks@=\toks14
)
(/usr/share/texlive/texmf-dist/tex/generic/iftex/ifvtex.sty
Package: ifvtex 2019/10/25 v1.7 ifvtex legacy package. Use iftex instead.

(/usr/share/texlive/texmf-dist/tex/generic/iftex/iftex.sty
Package: iftex 2019/11/07 v1.0c TeX engine tests
))
\Gm@cnth=\count175
\Gm@cntv=\count176
\c@Gm@tempcnt=\count177
\Gm@bindingoffset=\dimen135
\Gm@wd@mp=\dimen136
\Gm@odd@mp=\dimen137
\Gm@even@mp=\dimen138
\Gm@layoutwidth=\dimen139
\Gm@layoutheight=\dimen140
\Gm@layouthoffset=\dimen141
\Gm@layoutvoffset=\dimen142
\Gm@dimlist=\toks15
)
(/usr/share/texlive/texmf-dist/tex/latex/graphics/graphicx.sty
Package: graphicx 2019/11/30 v1.2a Enhanced LaTeX Graphics (DPC,SPQR)

(/usr/share/texlive/texmf-dist/tex/latex/graphics/graphics.sty
Package: graphics 2019/11/30 v1.4a Standard LaTeX Graphics (DPC,SPQR)

(/usr/share/texlive/texmf-dist/tex/latex/graphics/trig.sty
Package: trig 2016/01/03 v1.10 sin cos tan (DPC)
)
(/usr/share/texlive/texmf-dist/tex/latex/graphics-cfg/graphics.cfg
File: graphics.cfg 2016/06/04 v1.11 sample graphics configuration
)
Package graphics Info: Driver file: pdftex.def on input line 105.

(/usr/share/texlive/texmf-dist/tex/latex/graphics-def/pdftex.def
File: pdftex.def 2018/01/08 v1.0l Graphics/color driver for pdftex
))
\Gin@req@height=\dimen143
\Gin@req@width=\dimen144
)
(/usr/share/texlive/texmf-dist/tex/latex/float/float.sty
Package: float 2001/11/08 v1.3d Float enhancements (AL)
\c@float@type=\count178
\float@exts=\toks16
\float@box=\box45
\@float@everytoks=\toks17
\@floatcapt=\box46
)
(/usr/share/texlive/texmf-dist/tex/latex/wrapfig/wrapfig.sty
\wrapoverhang=\dimen145
\WF@size=\dimen146
\c@WF@wrappedlines=\count179
\WF@box=\box47
\WF@everypar=\toks18
Package: wrapfig 2003/01/31  v 3.6
)
(/usr/share/texlive/texmf-dist/tex/latex/setspace/setspace.sty
Package: setspace 2011/12/19 v6.7a set line spacing
)
(/usr/share/texlive/texmf-dist/tex/latex/tools/enumerate.sty
Package: enumerate 2015/07/23 v3.00 enumerate extensions (DPC)
\@enLab=\toks19
)
(/usr/share/texlive/texmf-dist/tex/latex/enumitem/enumitem.sty
Package: enumitem 2019/06/20 v3.9 Customized lists
\labelindent=\skip49
\enit@outerparindent=\dimen147
\enit@toks=\toks20
\enit@inbox=\box48
\enit@count@id=\count180
\enitdp@description=\count181
)
(/usr/share/texlive/texmf-dist/tex/latex/tools/multicol.sty
Package: multicol 2019/12/09 v1.8y multicolumn formatting (FMi)
\c@tracingmulticols=\count182
\mult@box=\box49
\multicol@leftmargin=\dimen148
\c@unbalance=\count183
\c@collectmore=\count184
\doublecol@number=\count185
\multicoltolerance=\count186
\multicolpretolerance=\count187
\full@width=\dimen149
\page@free=\dimen150
\premulticols=\dimen151
\postmulticols=\dimen152
\multicolsep=\skip50
\multicolbaselineskip=\skip51
\partial@page=\box50
\last@line=\box51
\maxbalancingoverflow=\dimen153
\mult@rightbox=\box52
\mult@grightbox=\box53
\mult@gfirstbox=\box54
\mult@firstbox=\box55
\@tempa=\box56
\@tempa=\box57
\@tempa=\box58
\@tempa=\box59
\@tempa=\box60
\@tempa=\box61
\@tempa=\box62
\@tempa=\box63
\@tempa=\box64
\@tempa=\box65
\@tempa=\box66
\@tempa=\box67
\@tempa=\box68
\@tempa=\box69
\@tempa=\box70
\@tempa=\box71
\@tempa=\box72
\@tempa=\box73
\@tempa=\box74
\@tempa=\box75
\@tempa=\box76
\@tempa=\box77
\@tempa=\box78
\@tempa=\box79
\@tempa=\box80
\@tempa=\box81
\@tempa=\box82
\@tempa=\box83
\@tempa=\box84
\@tempa=\box85
\@tempa=\box86
\@tempa=\box87
\@tempa=\box88
\@tempa=\box89
\@tempa=\box90
\@tempa=\box91
\@tempa=\box92
\c@minrows=\count188
\c@columnbadness=\count189
\c@finalcolumnbadness=\count190
\last@try=\dimen154
\multicolovershoot=\dimen155
\multicolundershoot=\dimen156
\mult@nat@firstbox=\box93
\colbreak@box=\box94
\mc@col@check@num=\count191
)
(/usr/share/texlive/texmf-dist/tex/latex/multirow/multirow.sty
Package: multirow 2019/05/31 v2.5 Span multiple rows of a table
\multirow@colwidth=\skip52
\multirow@cntb=\count192
\multirow@dima=\skip53
\bigstrutjot=\dimen157
)
(/usr/share/texlive/texmf-dist/tex/latex/comment/comment.sty
\CommentStream=\write3

Excluding comment 'comment')
(/usr/share/texlive/texmf-dist/tex/latex/adjustbox/adjustbox.sty
Package: adjustbox 2019/01/04 v1.2 Adjusting TeX boxes (trim, clip, ...)

(/usr/share/texlive/texmf-dist/tex/latex/xkeyval/xkeyval.sty
Package: xkeyval 2014/12/03 v2.7a package option processing (HA)

(/usr/share/texlive/texmf-dist/tex/generic/xkeyval/xkeyval.tex
(/usr/share/texlive/texmf-dist/tex/generic/xkeyval/xkvutils.tex
\XKV@toks=\toks21
\XKV@tempa@toks=\toks22
)
\XKV@depth=\count193
File: xkeyval.tex 2014/12/03 v2.7a key=value parser (HA)
))
(/usr/share/texlive/texmf-dist/tex/latex/adjustbox/adjcalc.sty
Package: adjcalc 2012/05/16 v1.1 Provides advanced setlength with multiple back
-ends (calc, etex, pgfmath)
)
(/usr/share/texlive/texmf-dist/tex/latex/adjustbox/trimclip.sty
Package: trimclip 2018/04/08 v1.1 Trim and clip general TeX material

(/usr/share/texlive/texmf-dist/tex/latex/collectbox/collectbox.sty
Package: collectbox 2012/05/17 v0.4b Collect macro arguments as boxes
\collectedbox=\box95
)
\tc@llx=\dimen158
\tc@lly=\dimen159
\tc@urx=\dimen160
\tc@ury=\dimen161
Package trimclip Info: Using driver 'tc-pdftex.def'.

(/usr/share/texlive/texmf-dist/tex/latex/adjustbox/tc-pdftex.def
File: tc-pdftex.def 2019/01/04 v2.2 Clipping driver for pdftex
))
\adjbox@Width=\dimen162
\adjbox@Height=\dimen163
\adjbox@Depth=\dimen164
\adjbox@Totalheight=\dimen165
\adjbox@pwidth=\dimen166
\adjbox@pheight=\dimen167
\adjbox@pdepth=\dimen168
\adjbox@ptotalheight=\dimen169

(/usr/share/texlive/texmf-dist/tex/latex/ifoddpage/ifoddpage.sty
Package: ifoddpage 2016/04/23 v1.1 Conditionals for odd/even page detection
\c@checkoddpage=\count194
)
(/usr/share/texlive/texmf-dist/tex/latex/varwidth/varwidth.sty
Package: varwidth 2009/03/30 ver 0.92;  Variable-width minipages
\@vwid@box=\box96
\sift@deathcycles=\count195
\@vwid@loff=\dimen170
\@vwid@roff=\dimen171
))
(/usr/share/texlive/texmf-dist/tex/latex/changepage/changepage.sty
Package: changepage 2009/10/20 v1.0c check page and change page layout
\c@cp@cntr=\count196
\cp@tempcnt=\count197
LaTeX Info: Redefining \checkoddpage on input line 59.
)
(/usr/share/texlive/texmf-dist/tex/latex/fancyhdr/fancyhdr.sty
Package: fancyhdr 2019/01/31 v3.10 Extensive control of page headers and footer
s
\f@nch@headwidth=\skip54
\f@nch@O@elh=\skip55
\f@nch@O@erh=\skip56
\f@nch@O@olh=\skip57
\f@nch@O@orh=\skip58
\f@nch@O@elf=\skip59
\f@nch@O@erf=\skip60
\f@nch@O@olf=\skip61
\f@nch@O@orf=\skip62
)
(/usr/share/texlive/texmf-dist/tex/latex/xcolor/xcolor.sty
Package: xcolor 2016/05/11 v2.12 LaTeX color extensions (UK)

(/usr/share/texlive/texmf-dist/tex/latex/graphics-cfg/color.cfg
File: color.cfg 2016/01/02 v1.6 sample color configuration
)
Package xcolor Info: Package option `usenames' ignored on input line 216.
Package xcolor Info: Driver file: pdftex.def on input line 225.
Package xcolor Info: Model `cmy' substituted by `cmy0' on input line 1348.
Package xcolor Info: Model `hsb' substituted by `rgb' on input line 1352.
Package xcolor Info: Model `RGB' extended on input line 1364.
Package xcolor Info: Model `HTML' substituted by `rgb' on input line 1366.
Package xcolor Info: Model `Hsb' substituted by `hsb' on input line 1367.
Package xcolor Info: Model `tHsb' substituted by `hsb' on input line 1368.
Package xcolor Info: Model `HSB' substituted by `hsb' on input line 1369.
Package xcolor Info: Model `Gray' substituted by `gray' on input line 1370.
Package xcolor Info: Model `wave' substituted by `hsb' on input line 1371.

(/usr/share/texlive/texmf-dist/tex/latex/graphics/dvipsnam.def
File: dvipsnam.def 2016/06/17 v3.0m Driver-dependent file (DPC,SPQR)
))
(/usr/share/texlive/texmf-dist/tex/latex/caption/caption.sty
Package: caption 2020/01/03 v3.4h Customizing captions (AR)

(/usr/share/texlive/texmf-dist/tex/latex/caption/caption3.sty
Package: caption3 2020/01/03 v1.8h caption3 kernel (AR)
Package caption3 Info: TeX engine: e-TeX on input line 61.
\captionmargin=\dimen172
\captionmargin@=\dimen173
\captionwidth=\dimen174
\caption@tempdima=\dimen175
\caption@indent=\dimen176
\caption@parindent=\dimen177
\caption@hangindent=\dimen178
Package caption Info: Standard document class detected.
)
\c@caption@flags=\count198
\c@continuedfloat=\count199
Package caption Info: float package is loaded.
Package caption Info: wrapfig package is loaded.
)
(/usr/share/texlive/texmf-dist/tex/latex/tools/longtable.sty
Package: longtable 2020/01/07 v4.13 Multi-page Table package (DPC)
\LTleft=\skip63
\LTright=\skip64
\LTpre=\skip65
\LTpost=\skip66
\LTchunksize=\count266
\LTcapwidth=\dimen179
\LT@head=\box97
\LT@firsthead=\box98
\LT@foot=\box99
\LT@lastfoot=\box100
\LT@cols=\count267
\LT@rows=\count268
\c@LT@tables=\count269
\c@LT@chunks=\count270
\LT@p@ftn=\toks23
)
(/usr/share/texlive/texmf-dist/tex/latex/tools/tabularx.sty
Package: tabularx 2020/01/15 v2.11c `tabularx' package (DPC)

(/usr/share/texlive/texmf-dist/tex/latex/tools/array.sty
Package: array 2019/08/31 v2.4l Tabular extension package (FMi)
\col@sep=\dimen180
\ar@mcellbox=\box101
\extrarowheight=\dimen181
\NC@list=\toks24
\extratabsurround=\skip67
\backup@length=\skip68
\ar@cellbox=\box102
)
\TX@col@width=\dimen182
\TX@old@table=\dimen183
\TX@old@col=\dimen184
\TX@target=\dimen185
\TX@delta=\dimen186
\TX@cols=\count271
\TX@ftn=\toks25
)
(/usr/share/texlive/texmf-dist/tex/latex/arydshln/arydshln.sty
Package: arydshln 2019/02/21 v1.76 
\dashlinedash=\dimen187
\dashlinegap=\dimen188
\adl@box=\box103
\adl@height=\dimen189
\adl@heightsave=\dimen190
\adl@depth=\dimen191
\adl@depthsave=\dimen192
\adl@finaldepth=\dimen193
\adl@columns=\count272
\adl@ncol=\count273
\adl@currentcolumn=\count274
\adl@currentcolumnsave=\count275
\adl@totalheight=\count276
\adl@totalheightsave=\count277
\adl@dash=\count278
\adl@gap=\count279
\adl@cla=\count280
\adl@clb=\count281
\adl@everyvbox=\toks26
\adl@LTpagetotal=\dimen194
)
(/usr/share/texlive/texmf-dist/tex/latex/titlesec/titlesec.sty
Package: titlesec 2019/10/16 v2.13 Sectioning titles
\ttl@box=\box104
\beforetitleunit=\skip69
\aftertitleunit=\skip70
\ttl@plus=\dimen195
\ttl@minus=\dimen196
\ttl@toksa=\toks27
\titlewidth=\dimen197
\titlewidthlast=\dimen198
\titlewidthfirst=\dimen199
)
(/usr/share/texlive/texmf-dist/tex/latex/hyperref/hyperref.sty
Package: hyperref 2020/01/14 v7.00d Hypertext links for LaTeX

(/usr/share/texlive/texmf-dist/tex/generic/ltxcmds/ltxcmds.sty
Package: ltxcmds 2019/12/15 v1.24 LaTeX kernel commands for general use (HO)
)
(/usr/share/texlive/texmf-dist/tex/latex/pdftexcmds/pdftexcmds.sty
Package: pdftexcmds 2019/11/24 v0.31 Utility functions of pdfTeX for LuaTeX (HO
)

(/usr/share/texlive/texmf-dist/tex/generic/infwarerr/infwarerr.sty
Package: infwarerr 2019/12/03 v1.5 Providing info/warning/error messages (HO)
)
Package pdftexcmds Info: \pdf@primitive is available.
Package pdftexcmds Info: \pdf@ifprimitive is available.
Package pdftexcmds Info: \pdfdraftmode found.
)
(/usr/share/texlive/texmf-dist/tex/generic/kvsetkeys/kvsetkeys.sty
Package: kvsetkeys 2019/12/15 v1.18 Key value parser (HO)
)
(/usr/share/texlive/texmf-dist/tex/generic/kvdefinekeys/kvdefinekeys.sty
Package: kvdefinekeys 2019-12-19 v1.6 Define keys (HO)
)
(/usr/share/texlive/texmf-dist/tex/generic/pdfescape/pdfescape.sty
Package: pdfescape 2019/12/09 v1.15 Implements pdfTeX's escape features (HO)
)
(/usr/share/texlive/texmf-dist/tex/latex/hycolor/hycolor.sty
Package: hycolor 2020-01-27 v1.10 Color options for hyperref/bookmark (HO)
)
(/usr/share/texlive/texmf-dist/tex/latex/letltxmacro/letltxmacro.sty
Package: letltxmacro 2019/12/03 v1.6 Let assignment for LaTeX macros (HO)
)
(/usr/share/texlive/texmf-dist/tex/latex/auxhook/auxhook.sty
Package: auxhook 2019-12-17 v1.6 Hooks for auxiliary files (HO)
)
(/usr/share/texlive/texmf-dist/tex/latex/kvoptions/kvoptions.sty
Package: kvoptions 2019/11/29 v3.13 Key value format for package options (HO)
)
\@linkdim=\dimen256
\Hy@linkcounter=\count282
\Hy@pagecounter=\count283

(/usr/share/texlive/texmf-dist/tex/latex/hyperref/pd1enc.def
File: pd1enc.def 2020/01/14 v7.00d Hyperref: PDFDocEncoding definition (HO)
Now handling font encoding PD1 ...
... no UTF-8 mapping file for font encoding PD1
)
(/usr/share/texlive/texmf-dist/tex/generic/intcalc/intcalc.sty
Package: intcalc 2019/12/15 v1.3 Expandable calculations with integers (HO)
)
(/usr/share/texlive/texmf-dist/tex/generic/etexcmds/etexcmds.sty
Package: etexcmds 2019/12/15 v1.7 Avoid name clashes with e-TeX commands (HO)
)
\Hy@SavedSpaceFactor=\count284
\pdfmajorversion=\count285
Package hyperref Info: Option `colorlinks' set `true' on input line 4421.
Package hyperref Info: Hyper figures OFF on input line 4547.
Package hyperref Info: Link nesting OFF on input line 4552.
Package hyperref Info: Hyper index ON on input line 4555.
Package hyperref Info: Plain pages OFF on input line 4562.
Package hyperref Info: Backreferencing OFF on input line 4567.
Package hyperref Info: Implicit mode ON; LaTeX internals redefined.
Package hyperref Info: Bookmarks ON on input line 4800.
\c@Hy@tempcnt=\count286

(/usr/share/texlive/texmf-dist/tex/latex/url/url.sty
\Urlmuskip=\muskip16
Package: url 2013/09/16  ver 3.4  Verb mode for urls, etc.
)
LaTeX Info: Redefining \url on input line 5159.
\XeTeXLinkMargin=\dimen257

(/usr/share/texlive/texmf-dist/tex/generic/bitset/bitset.sty
Package: bitset 2019/12/09 v1.3 Handle bit-vector datatype (HO)

(/usr/share/texlive/texmf-dist/tex/generic/bigintcalc/bigintcalc.sty
Package: bigintcalc 2019/12/15 v1.5 Expandable calculations on big integers (HO
)
))
\Fld@menulength=\count287
\Field@Width=\dimen258
\Fld@charsize=\dimen259
Package hyperref Info: Hyper figures OFF on input line 6430.
Package hyperref Info: Link nesting OFF on input line 6435.
Package hyperref Info: Hyper index ON on input line 6438.
Package hyperref Info: backreferencing OFF on input line 6445.
Package hyperref Info: Link coloring ON on input line 6448.
Package hyperref Info: Link coloring with OCG OFF on input line 6455.
Package hyperref Info: PDF/A mode OFF on input line 6460.
LaTeX Info: Redefining \ref on input line 6500.
LaTeX Info: Redefining \pageref on input line 6504.

(/usr/share/texlive/texmf-dist/tex/generic/atbegshi/atbegshi.sty
Package: atbegshi 2019/12/05 v1.19 At begin shipout hook (HO)
)
\Hy@abspage=\count288
\c@Item=\count289
\c@Hfootnote=\count290
)
Package hyperref Info: Driver (autodetected): hpdftex.

(/usr/share/texlive/texmf-dist/tex/latex/hyperref/hpdftex.def
File: hpdftex.def 2020/01/14 v7.00d Hyperref driver for pdfTeX

(/usr/share/texlive/texmf-dist/tex/latex/atveryend/atveryend.sty
Package: atveryend 2019-12-11 v1.11 Hooks at the very end of document (HO)
Package atveryend Info: \enddocument detected (standard20110627).
)
\Fld@listcount=\count291
\c@bookmark@seq@number=\count292

(/usr/share/texlive/texmf-dist/tex/latex/rerunfilecheck/rerunfilecheck.sty
Package: rerunfilecheck 2019/12/05 v1.9 Rerun checks for auxiliary files (HO)

(/usr/share/texlive/texmf-dist/tex/generic/uniquecounter/uniquecounter.sty
Package: uniquecounter 2019/12/15 v1.4 Provide unlimited unique counter (HO)
)
Package uniquecounter Info: New unique counter `rerunfilecheck' on input line 2
86.
)
\Hy@SectionHShift=\skip71
)
(/usr/share/texlive/texmf-dist/tex/latex/glossaries/base/glossaries.sty
Package: glossaries 2020/02/13 v4.45 (NLCT)

(/usr/share/texlive/texmf-dist/tex/latex/base/ifthen.sty
Package: ifthen 2014/09/29 v1.1c Standard LaTeX ifthen package (DPC)
)
(/usr/share/texlive/texmf-dist/tex/latex/mfirstuc/mfirstuc.sty
Package: mfirstuc 2017/11/14 v2.06 (NLCT)

(/usr/share/texlive/texmf-dist/tex/latex/etoolbox/etoolbox.sty
Package: etoolbox 2019/09/21 v2.5h e-TeX tools for LaTeX (JAW)
\etb@tempcnta=\count293
)
\@glsmfirst=\toks28
\@glsmrest=\toks29
)
(/usr/share/texlive/texmf-dist/tex/latex/textcase/textcase.sty
Package: textcase 2019/09/14 v1.00 Text only upper/lower case changing (DPC)
)
(/usr/share/texlive/texmf-dist/tex/latex/xfor/xfor.sty
Package: xfor 2009/02/05 v1.05 (NLCT)
)
(/usr/share/texlive/texmf-dist/tex/latex/datatool/datatool-base.sty
Package: datatool-base 2019/09/27 v2.32 (NLCT)

(/usr/share/texlive/texmf-dist/tex/latex/amsmath/amsmath.sty
Package: amsmath 2020/01/20 v2.17e AMS math features
\@mathmargin=\skip72

For additional information on amsmath, use the `?' option.
(/usr/share/texlive/texmf-dist/tex/latex/amsmath/amstext.sty
Package: amstext 2000/06/29 v2.01 AMS text

(/usr/share/texlive/texmf-dist/tex/latex/amsmath/amsgen.sty
File: amsgen.sty 1999/11/30 v2.0 generic functions
\@emptytoks=\toks30
\ex@=\dimen260
))
(/usr/share/texlive/texmf-dist/tex/latex/amsmath/amsbsy.sty
Package: amsbsy 1999/11/29 v1.2d Bold Symbols
\pmbraise@=\dimen261
)
(/usr/share/texlive/texmf-dist/tex/latex/amsmath/amsopn.sty
Package: amsopn 2016/03/08 v2.02 operator names
)
\inf@bad=\count294
LaTeX Info: Redefining \frac on input line 227.
\uproot@=\count295
\leftroot@=\count296
LaTeX Info: Redefining \overline on input line 389.
\classnum@=\count297
\DOTSCASE@=\count298
LaTeX Info: Redefining \ldots on input line 486.
LaTeX Info: Redefining \dots on input line 489.
LaTeX Info: Redefining \cdots on input line 610.
\Mathstrutbox@=\box105
\strutbox@=\box106
\big@size=\dimen262
LaTeX Font Info:    Redeclaring font encoding OML on input line 733.
LaTeX Font Info:    Redeclaring font encoding OMS on input line 734.
\macc@depth=\count299
\c@MaxMatrixCols=\count300
\dotsspace@=\muskip17
\c@parentequation=\count301
\dspbrk@lvl=\count302
\tag@help=\toks31
\row@=\count303
\column@=\count304
\maxfields@=\count305
\andhelp@=\toks32
\eqnshift@=\dimen263
\alignsep@=\dimen264
\tagshift@=\dimen265
\tagwidth@=\dimen266
\totwidth@=\dimen267
\lineht@=\dimen268
\@envbody=\toks33
\multlinegap=\skip73
\multlinetaggap=\skip74
\mathdisplay@stack=\toks34
LaTeX Info: Redefining \[ on input line 2859.
LaTeX Info: Redefining \] on input line 2860.
)
(/usr/share/texlive/texmf-dist/tex/latex/substr/substr.sty
Package: substr 2009/10/20 v1.2 Handle substrings
\c@su@anzahl=\count306
)
(/usr/share/texlive/texmf-dist/tex/latex/datatool/datatool-fp.sty
Package: datatool-fp 2019/09/27 v2.32 (NLCT)

(/usr/share/texlive/texmf-dist/tex/latex/fp/fp.sty
Package: fp 1995/04/02

`Fixed Point Package', Version 0.8, April 2, 1995 (C) Michael Mehlich
(/usr/share/texlive/texmf-dist/tex/latex/fp/defpattern.sty
Package: defpattern 1994/10/12
\actioncount=\count307
)
(/usr/share/texlive/texmf-dist/tex/latex/fp/fp-basic.sty
Package: fp-basic 1996/05/13
\FP@xs=\count308
\FP@xia=\count309
\FP@xib=\count310
\FP@xfa=\count311
\FP@xfb=\count312
\FP@rega=\count313
\FP@regb=\count314
\FP@regs=\count315
\FP@times=\count316
)
(/usr/share/texlive/texmf-dist/tex/latex/fp/fp-addons.sty
Package: fp-addons 1995/03/15
)
(/usr/share/texlive/texmf-dist/tex/latex/fp/fp-snap.sty
Package: fp-snap 1995/04/05
)
(/usr/share/texlive/texmf-dist/tex/latex/fp/fp-exp.sty
Package: fp-exp 1995/04/03
)
(/usr/share/texlive/texmf-dist/tex/latex/fp/fp-trigo.sty
Package: fp-trigo 1995/04/14
)
(/usr/share/texlive/texmf-dist/tex/latex/fp/fp-pas.sty
Package: fp-pas 1994/08/29
)
(/usr/share/texlive/texmf-dist/tex/latex/fp/fp-random.sty
Package: fp-random 1995/02/23
\FPseed=\count317
)
(/usr/share/texlive/texmf-dist/tex/latex/fp/fp-eqn.sty
Package: fp-eqn 1995/04/03
)
(/usr/share/texlive/texmf-dist/tex/latex/fp/fp-upn.sty
Package: fp-upn 1996/10/21
)
(/usr/share/texlive/texmf-dist/tex/latex/fp/fp-eval.sty
Package: fp-eval 1995/04/03
)))
\@dtl@toks=\toks35
\@dtl@tmpcount=\count318
\dtl@tmplength=\skip75
\dtl@sortresult=\count319
\@dtl@numgrpsepcount=\count320
\@dtl@datatype=\count321
\dtl@codeA=\count322
\dtl@codeB=\count323
\@dtl@foreach@level=\count324
)
(/usr/share/texlive/texmf-dist/tex/latex/glossaries/base/glossaries-compatible-
307.sty
Package: glossaries-compatible-307 2020/02/13 v4.45 (NLCT)
)
\gls@level=\count325
\@gls@tmpb=\toks36
\gls@tmplen=\skip76
\glskeylisttok=\toks37
\glslabeltok=\toks38
\glsshorttok=\toks39
\glslongtok=\toks40

(/usr/share/texlive/texmf-dist/tex/latex/glossaries/styles/glossary-hypernav.st
y
Package: glossary-hypernav 2020/02/13 v4.45 (NLCT)
) (/usr/share/texlive/texmf-dist/tex/latex/glossaries/styles/glossary-list.sty
Package: glossary-list 2020/02/13 v4.45 (NLCT)
\glslistdottedwidth=\skip77
) (/usr/share/texlive/texmf-dist/tex/latex/glossaries/styles/glossary-long.sty
Package: glossary-long 2020/02/13 v4.45 (NLCT)
\glsdescwidth=\skip78
\glspagelistwidth=\skip79
) (/usr/share/texlive/texmf-dist/tex/latex/glossaries/styles/glossary-super.sty
Package: glossary-super 2020/02/13 v4.45 (NLCT)

(/usr/share/texlive/texmf-dist/tex/latex/supertabular/supertabular.sty
Package: supertabular 2020/02/02 v4.1g the supertabular environment
\c@tracingst=\count326
\ST@wd=\dimen269
\ST@rightskip=\skip80
\ST@leftskip=\skip81
\ST@parfillskip=\skip82
\ST@pageleft=\dimen270
\ST@headht=\dimen271
\ST@tailht=\dimen272
\ST@pagesofar=\dimen273
\ST@pboxht=\dimen274
\ST@lineht=\dimen275
\ST@prevht=\dimen276
\ST@toadd=\dimen277
\ST@dimen=\dimen278
\ST@pbox=\box107
))
(/usr/share/texlive/texmf-dist/tex/latex/glossaries/styles/glossary-tree.sty
Package: glossary-tree 2020/02/13 v4.45 (NLCT)
\glstreeindent=\skip83
))
(./glossary.tex
\glswrite=\write4
\glo@main@file=\write5
\openout5 = `main.glo'.

Package glossaries Info: Writing glossary file main.glo on input line 1.
\glo@acronym@file=\write6
\openout6 = `main.acn'.

Package glossaries Info: Writing glossary file main.acn on input line 1.
) (/usr/share/texlive/texmf-dist/tex/latex/booktabs/booktabs.sty
Package: booktabs 2020/01/12 v1.61803398 Publication quality tables
\heavyrulewidth=\dimen279
\lightrulewidth=\dimen280
\cmidrulewidth=\dimen281
\belowrulesep=\dimen282
\belowbottomsep=\dimen283
\aboverulesep=\dimen284
\abovetopsep=\dimen285
\cmidrulesep=\dimen286
\cmidrulekern=\dimen287
\defaultaddspace=\dimen288
\@cmidla=\count327
\@cmidlb=\count328
\@aboverulesep=\dimen289
\@belowrulesep=\dimen290
\@thisruleclass=\count329
\@lastruleclass=\count330
\@thisrulewidth=\dimen291
) (/usr/share/texlive/texmf-dist/tex/latex/makecell/makecell.sty
Package: makecell 2009/08/03 V0.1e Managing of Tab Column Heads and Cells
\rotheadsize=\dimen292
\c@nlinenum=\count331
\TeXr@lab=\toks41
)
(/usr/share/texlive/texmf-dist/tex/latex/l3backend/l3backend-pdfmode.def
File: l3backend-pdfmode.def 2020-02-03 L3 backend support: PDF mode
\l__kernel_color_stack_int=\count332
\l__pdf_internal_box=\box108
)
(./main.aux)
\openout1 = `main.aux'.

LaTeX Font Info:    Checking defaults for OML/cmm/m/it on input line 119.
LaTeX Font Info:    ... okay on input line 119.
LaTeX Font Info:    Checking defaults for OMS/cmsy/m/n on input line 119.
LaTeX Font Info:    ... okay on input line 119.
LaTeX Font Info:    Checking defaults for OT1/cmr/m/n on input line 119.
LaTeX Font Info:    ... okay on input line 119.
LaTeX Font Info:    Checking defaults for T1/cmr/m/n on input line 119.
LaTeX Font Info:    ... okay on input line 119.
LaTeX Font Info:    Checking defaults for TS1/cmr/m/n on input line 119.
LaTeX Font Info:    ... okay on input line 119.
LaTeX Font Info:    Checking defaults for OMX/cmex/m/n on input line 119.
LaTeX Font Info:    ... okay on input line 119.
LaTeX Font Info:    Checking defaults for U/cmr/m/n on input line 119.
LaTeX Font Info:    ... okay on input line 119.
LaTeX Font Info:    Checking defaults for PD1/pdf/m/n on input line 119.
LaTeX Font Info:    ... okay on input line 119.

*geometry* driver: auto-detecting
*geometry* detected driver: pdftex
*geometry* verbose mode - [ preamble ] result:
* driver: pdftex
* paper: <default>
* layout: <same size as paper>
* layoutoffset:(h,v)=(0.0pt,0.0pt)
* modes: 
* h-part:(L,W,R)=(92.14519pt, 430.00462pt, 92.14519pt)
* v-part:(T,H,B)=(95.39737pt, 556.47656pt, 143.09605pt)
* \paperwidth=614.295pt
* \paperheight=794.96999pt
* \textwidth=430.00462pt
* \textheight=556.47656pt
* \oddsidemargin=19.8752pt
* \evensidemargin=19.8752pt
* \topmargin=-13.87262pt
* \headheight=12.0pt
* \headsep=25.0pt
* \topskip=12.0pt
* \footskip=30.0pt
* \marginparwidth=44.0pt
* \marginparsep=10.0pt
* \columnsep=10.0pt
* \skip\footins=10.8pt plus 4.0pt minus 2.0pt
* \hoffset=0.0pt
* \voffset=0.0pt
* \mag=1000
* \@twocolumnfalse
* \@twosidefalse
* \@mparswitchfalse
* \@reversemarginfalse
* (1in=72.27pt=25.4mm, 1cm=28.453pt)

(/usr/share/texlive/texmf-dist/tex/context/base/mkii/supp-pdf.mkii
[Loading MPS to PDF converter (version 2006.09.02).]
\scratchcounter=\count333
\scratchdimen=\dimen293
\scratchbox=\box109
\nofMPsegments=\count334
\nofMParguments=\count335
\everyMPshowfont=\toks42
\MPscratchCnt=\count336
\MPscratchDim=\dimen294
\MPnumerator=\count337
\makeMPintoPDFobject=\count338
\everyMPtoPDFconversion=\toks43
) (/usr/share/texlive/texmf-dist/tex/latex/epstopdf-pkg/epstopdf-base.sty
Package: epstopdf-base 2020-01-24 v2.11 Base part for package epstopdf
Package epstopdf-base Info: Redefining graphics rule for `.eps' on input line 4
85.

(/usr/share/texlive/texmf-dist/tex/latex/latexconfig/epstopdf-sys.cfg
File: epstopdf-sys.cfg 2010/07/13 v1.3 Configuration of (r)epstopdf for TeX Liv
e
))
Package caption Info: Begin \AtBeginDocument code.
Package caption Info: hyperref package is loaded.
Package caption Info: longtable package is loaded.

(/usr/share/texlive/texmf-dist/tex/latex/caption/ltcaption.sty
Package: ltcaption 2018/08/26 v1.4a longtable captions (AR)
)
Package caption Info: supertabular package is loaded.
Package caption Info: End \AtBeginDocument code.
\AtBeginShipoutBox=\box110
Package hyperref Info: Link coloring ON on input line 119.

(/usr/share/texlive/texmf-dist/tex/latex/hyperref/nameref.sty
Package: nameref 2019/09/16 v2.46 Cross-referencing by name of section

(/usr/share/texlive/texmf-dist/tex/latex/refcount/refcount.sty
Package: refcount 2019/12/15 v3.6 Data extraction from label references (HO)
)
(/usr/share/texlive/texmf-dist/tex/generic/gettitlestring/gettitlestring.sty
Package: gettitlestring 2019/12/15 v1.6 Cleanup title references (HO)
)
\c@section@level=\count339
)
LaTeX Info: Redefining \ref on input line 119.
LaTeX Info: Redefining \pageref on input line 119.
LaTeX Info: Redefining \nameref on input line 119.

(./main.out) (./main.out)
\@outlinefile=\write7
\openout7 = `main.out'.

<Pictures/psuMCECSlogo_horiz.png, id=261, 953.06062pt x 196.48407pt>
File: Pictures/psuMCECSlogo_horiz.png Graphic file (type png)
<use Pictures/psuMCECSlogo_horiz.png>
Package pdftex.def Info: Pictures/psuMCECSlogo_horiz.png  used on input line 14
7.
(pdftex.def)             Requested size: 252.94499pt x 52.14597pt.
 [1

\openout4 = `main.ist'.

{/var/lib/texmf/fonts/map/pdftex/updmap/pdftex.map} <./Pictures/psuMCECSlogo_ho
riz.png>] (./main.lof
LaTeX Font Info:    Trying to load font information for TS1+cmss on input line 
31.

(/usr/share/texlive/texmf-dist/tex/latex/base/ts1cmss.fd
File: ts1cmss.fd 2019/12/16 v2.5j Standard LaTeX font definitions
)pdfTeX warning (ext4): destination with the same identifier (name{page.1}) has
 been already used, duplicate ignored
<to be read again> 
                   \relax 
l.31 ...orespaces \relax }}{74}{figure.caption.40}
                                                  % [1])
\tf@lof=\write8
\openout8 = `main.lof'.

 [2] [3] (./main.lot)
\tf@lot=\write9
\openout9 = `main.lot'.


No file main.acr.
[4] (./Fall2020.tex [5] [6]
<Pictures/controlled_WH.png, id=478, 972.63374pt x 349.305pt>
File: Pictures/controlled_WH.png Graphic file (type png)
<use Pictures/controlled_WH.png>
Package pdftex.def Info: Pictures/controlled_WH.png  used on input line 36.
(pdftex.def)             Requested size: 389.0466pt x 139.71951pt.
 [7 <./Pictures/controlled_WH.png>])
(./Winter2021.tex [8] [9] [10] [11]
Overfull \hbox (18.6189pt too wide) in paragraph at lines 103--111
[][] 
 []


Overfull \hbox (37.79529pt too wide) in paragraph at lines 115--116
\OT1/cmtt/m/n/12 blob / master / NeoChargeProject / WH _ 4 _ Node _ Feeder / Co
ntrolled _ WH / Controlled _
 []


Underfull \hbox (badness 10000) in paragraph at lines 115--116

 []


Overfull \hbox (7.92027pt too wide) in paragraph at lines 118--119
\OT1/cmtt/m/n/12 com / psu-[]powerlab / GridLab-[]D / blob / master / NeoCharge
Project / WH _ 4 _ Node _
 []


Overfull \hbox (18.6189pt too wide) in paragraph at lines 121--131
[][] 
 []


Overfull \hbox (19.27028pt too wide) in paragraph at lines 135--136
\OT1/cmtt/m/n/12 blob / master / NeoChargeProject / WH _ 4 _ Node _ Feeder / Co
ntrolled _ WH / WH _ Shed _
 []


Underfull \hbox (badness 10000) in paragraph at lines 135--136

 []


Overfull \hbox (26.44528pt too wide) in paragraph at lines 137--137
\OT1/cmtt/m/n/12 psu-[]powerlab / GridLab-[]D / blob / master / NeoChargeProjec
t / WH _ 4 _ Node _ Feeder /
 []


Underfull \hbox (badness 10000) in paragraph at lines 137--137

 []

[12]
Overfull \hbox (147.3602pt too wide) in paragraph at lines 140--151
[][] 
 []

File: Pictures/controlled_WH.png Graphic file (type png)
<use Pictures/controlled_WH.png>
Package pdftex.def Info: Pictures/controlled_WH.png  used on input line 165.
(pdftex.def)             Requested size: 486.31567pt x 174.65207pt.

Overfull \hbox (56.31105pt too wide) in paragraph at lines 165--166
[][] 
 []

[13] [14]) (./Spring2021.tex [15] [16]
<Pictures/HPWH_wrong_behavior.png, id=577, 1489.565pt x 236.885pt>
File: Pictures/HPWH_wrong_behavior.png Graphic file (type png)
<use Pictures/HPWH_wrong_behavior.png>
Package pdftex.def Info: Pictures/HPWH_wrong_behavior.png  used on input line 7
8.
(pdftex.def)             Requested size: 473.0077pt x 75.2228pt.

Overfull \hbox (43.00308pt too wide) in paragraph at lines 78--79
 [][] 
 []

<Pictures/EWH.png, id=579, 1489.565pt x 239.89626pt>
File: Pictures/EWH.png Graphic file (type png)
<use Pictures/EWH.png>
Package pdftex.def Info: Pictures/EWH.png  used on input line 87.
(pdftex.def)             Requested size: 473.0077pt x 76.17902pt.

Overfull \hbox (43.00308pt too wide) in paragraph at lines 87--88
 [][] 
 []

[17 <./Pictures/HPWH_wrong_behavior.png>] [18 <./Pictures/EWH.png>]
Overfull \hbox (133.45692pt too wide) detected at line 128
\OML/cmm/m/it/12 HeatingElementCapacity \OT1/cmr/m/n/12 = (1\OML/cmm/m/it/12 :\
OT1/cmr/m/n/12 09 + (1\OML/cmm/m/it/12 :\OT1/cmr/m/n/12 17 \OMS/cmsy/m/n/12 ^^@
 \OT1/cmr/m/n/12 1\OML/cmm/m/it/12 :\OT1/cmr/m/n/12 09) \OMS/cmsy/m/n/12 ^^C \O
T1/cmr/m/n/12 (\OML/cmm/m/it/12 get[]ambient\OT1/cmr/m/n/12 (\OML/cmm/m/it/12 l
ocation\OT1/cmr/m/n/12 ) \OMS/cmsy/m/n/12 ^^@ \OT1/cmr/m/n/12 50)\OML/cmm/m/it/
12 =\OT1/cmr/m/n/12 (70 \OMS/cmsy/m/n/12 ^^@ \OT1/cmr/m/n/12 50)) \OMS/cmsy/m/n
/12 ^^C \OT1/cmr/m/n/12 (0\OML/cmm/m/it/12 :\OT1/cmr/m/n/12 379 + 0\OML/cmm/m/i
t/12 :\OT1/cmr/m/n/12 00364 \OMS/cmsy/m/n/12 ^^C \OML/cmm/m/it/12 Tw\OT1/cmr/m/
n/12 )
 []

[19]

LaTeX Warning: Citation `r1' on page 20 undefined on input line 152.


Overfull \hbox (8.92107pt too wide) in paragraph at lines 162--163
\OT1/cmr/m/n/12 am-bi-ent tem-per-a-ture is out-side the safe op-er-at-ing rang
e (45\TS1/cmr/m/n/12 °\OT1/cmr/m/n/12 {109\TS1/cmr/m/n/12 °\OT1/cmr/m/n/12 F)
 []

[20] [21]
<Pictures/HPWH_working_principle.png, id=622, 519.9425pt x 241.90375pt>
File: Pictures/HPWH_working_principle.png Graphic file (type png)
<use Pictures/HPWH_working_principle.png>
Package pdftex.def Info: Pictures/HPWH_working_principle.png  used on input lin
e 186.
(pdftex.def)             Requested size: 473.0077pt x 220.0663pt.

Overfull \hbox (43.00308pt too wide) in paragraph at lines 186--187
 [][] 
 []

[22 <./Pictures/HPWH_working_principle.png>] [23]) (./Summer2021.tex) [24]
(./Fall2021.tex

LaTeX Warning: Citation `LeightonClarke' on page 25 undefined on input line 2.


LaTeX Warning: Citation `r1' on page 25 undefined on input line 2.


LaTeX Warning: Citation `Hudon' on page 25 undefined on input line 2.

[25]
<Pictures/cop_sim.png, id=655, 867.24pt x 578.16pt>
File: Pictures/cop_sim.png Graphic file (type png)
<use Pictures/cop_sim.png>
Package pdftex.def Info: Pictures/cop_sim.png  used on input line 31.
(pdftex.def)             Requested size: 387.00153pt x 257.99937pt.
 [26 <./Pictures/cop_sim.png>] [27] [28] [29] [30]
<Pictures/cop_vs_time.png, id=693, 867.24pt x 578.16pt>
File: Pictures/cop_vs_time.png Graphic file (type png)
<use Pictures/cop_vs_time.png>
Package pdftex.def Info: Pictures/cop_vs_time.png  used on input line 186.
(pdftex.def)             Requested size: 387.00153pt x 257.99937pt.
<Pictures/cop_vs_EnergyTake.png, id=696, 867.24pt x 578.16pt>
File: Pictures/cop_vs_EnergyTake.png Graphic file (type png)
<use Pictures/cop_vs_EnergyTake.png>
Package pdftex.def Info: Pictures/cop_vs_EnergyTake.png  used on input line 193
.
(pdftex.def)             Requested size: 387.00153pt x 257.99937pt.
 [31] [32 <./Pictures/cop_vs_time.png>] [33 <./Pictures/cop_vs_EnergyTake.png>]
 [34] [35] [36] [37]
[38] [39]
<Pictures/cta_def.png, id=753, 1470.49374pt x 1050.92625pt>
File: Pictures/cta_def.png Graphic file (type png)
<use Pictures/cta_def.png>
Package pdftex.def Info: Pictures/cta_def.png  used on input line 406.
(pdftex.def)             Requested size: 387.00153pt x 276.56984pt.
 [40] [41 <./Pictures/cta_def.png>]
<Pictures/cop_vs_EnergyTake_75.png, id=774, 867.24pt x 578.16pt>
File: Pictures/cop_vs_EnergyTake_75.png Graphic file (type png)
<use Pictures/cop_vs_EnergyTake_75.png>
Package pdftex.def Info: Pictures/cop_vs_EnergyTake_75.png  used on input line 
508.
(pdftex.def)             Requested size: 387.00153pt x 257.99937pt.
 [42] [43 <./Pictures/cop_vs_EnergyTake_75.png>]
<Pictures/cop_vs_EnergyTake_75_linefit.png, id=789, 867.24pt x 578.16pt>
File: Pictures/cop_vs_EnergyTake_75_linefit.png Graphic file (type png)
<use Pictures/cop_vs_EnergyTake_75_linefit.png>
Package pdftex.def Info: Pictures/cop_vs_EnergyTake_75_linefit.png  used on inp
ut line 515.
(pdftex.def)             Requested size: 430.00462pt x 286.67088pt.
 [44]
<Pictures/cop_vs_EnergyTake_var.png, id=798, 867.24pt x 578.16pt>
File: Pictures/cop_vs_EnergyTake_var.png Graphic file (type png)
<use Pictures/cop_vs_EnergyTake_var.png>
Package pdftex.def Info: Pictures/cop_vs_EnergyTake_var.png  used on input line
 590.
(pdftex.def)             Requested size: 387.00153pt x 257.99937pt.
 [45 <./Pictures/cop_vs_EnergyTake_75_linefit.png>] [46 <./Pictures/cop_vs_Ener
gyTake_var.png>]
Overfull \hbox (10.75858pt too wide) in paragraph at lines 600--601
[]\OT1/cmr/m/n/12 Recorded the time dif-fer-ence be-tween each timestep in a co
l-umn named $\OML/cmm/m/it/12 time[]diff$ 
 []

[47] [48] [49]
<Pictures/energytake_watts_line_fit_nov.png, id=842, 867.24pt x 578.16pt>
File: Pictures/energytake_watts_line_fit_nov.png Graphic file (type png)
<use Pictures/energytake_watts_line_fit_nov.png>
Package pdftex.def Info: Pictures/energytake_watts_line_fit_nov.png  used on in
put line 714.
(pdftex.def)             Requested size: 387.00153pt x 257.99937pt.
<Pictures/cop_nov.png, id=849, 867.24pt x 578.16pt>
File: Pictures/cop_nov.png Graphic file (type png)
<use Pictures/cop_nov.png>
Package pdftex.def Info: Pictures/cop_nov.png  used on input line 725.
(pdftex.def)             Requested size: 387.00153pt x 257.99937pt.
 [50] [51 <./Pictures/energytake_watts_line_fit_nov.png>]
[52 <./Pictures/cop_nov.png>]
<Pictures/watts_wh_relation_comp.png, id=875, 867.24pt x 578.16pt>
File: Pictures/watts_wh_relation_comp.png Graphic file (type png)
<use Pictures/watts_wh_relation_comp.png>
Package pdftex.def Info: Pictures/watts_wh_relation_comp.png  used on input lin
e 746.
(pdftex.def)             Requested size: 425.70692pt x 283.80373pt.
<Pictures/watts_wh_relation_heating_element.png, id=878, 867.24pt x 578.16pt>
File: Pictures/watts_wh_relation_heating_element.png Graphic file (type png)
<use Pictures/watts_wh_relation_heating_element.png>
Package pdftex.def Info: Pictures/watts_wh_relation_heating_element.png  used o
n input line 753.
(pdftex.def)             Requested size: 425.70692pt x 283.80373pt.
 [53] [54 <./Pictures/watts_wh_relation_comp.png>] [55 <./Pictures/watts_wh_rel
ation_heating_element.png>]
<Pictures/hpwh_idle_losses.png, id=902, 867.24pt x 578.16pt>
File: Pictures/hpwh_idle_losses.png Graphic file (type png)
<use Pictures/hpwh_idle_losses.png>
Package pdftex.def Info: Pictures/hpwh_idle_losses.png  used on input line 764.

(pdftex.def)             Requested size: 425.70692pt x 283.80373pt.
 [56 <./Pictures/hpwh_idle_losses.png>]
<Pictures/w_wh_validation.png, id=913, 867.24pt x 578.16pt>
File: Pictures/w_wh_validation.png Graphic file (type png)
<use Pictures/w_wh_validation.png>
Package pdftex.def Info: Pictures/w_wh_validation.png  used on input line 790.
(pdftex.def)             Requested size: 387.00153pt x 257.99937pt.
 [57 <./Pictures/w_wh_validation.png>] [58]
<Pictures/idle_losses_val_validation.png, id=937, 867.24pt x 578.16pt>
File: Pictures/idle_losses_val_validation.png Graphic file (type png)
<use Pictures/idle_losses_val_validation.png>
Package pdftex.def Info: Pictures/idle_losses_val_validation.png  used on input
 line 813.
(pdftex.def)             Requested size: 387.00153pt x 257.99937pt.
 [59 <./Pictures/idle_losses_val_validation.png>] [60]
Underfull \hbox (badness 10000) in paragraph at lines 849--851

 []

Excluding 'comment' comment. Excluding 'comment' comment.) [61]
(./Winter2022.tex
Overfull \hbox (6.43094pt too wide) in paragraph at lines 2--3
\OT1/cmr/bx/n/12 EX-PLAINED. FOR NOW, I'M POST-ING IM-AGES HERE TO PRESENT
 []

[62]
<Pictures/Temperature_validation.png, id=982, 867.24pt x 578.16pt>
File: Pictures/Temperature_validation.png Graphic file (type png)
<use Pictures/Temperature_validation.png>
Package pdftex.def Info: Pictures/Temperature_validation.png  used on input lin
e 7.
(pdftex.def)             Requested size: 473.0077pt x 315.34238pt.

Overfull \hbox (43.00308pt too wide) in paragraph at lines 7--8
 [][] 
 []

[63 <./Pictures/Temperature_validation.png>]
<Pictures/idle_losses.png, id=989, 1204.5pt x 804.00375pt>
File: Pictures/idle_losses.png Graphic file (type png)
<use Pictures/idle_losses.png>
Package pdftex.def Info: Pictures/idle_losses.png  used on input line 16.
(pdftex.def)             Requested size: 473.0077pt x 315.73166pt.

Overfull \hbox (43.00308pt too wide) in paragraph at lines 16--17
 [][] 
 []

[64 <./Pictures/idle_losses.png>]
<Pictures/heating_element_switching.png, id=996, 1198.4775pt x 807.015pt>
File: Pictures/heating_element_switching.png Graphic file (type png)
<use Pictures/heating_element_switching.png>
Package pdftex.def Info: Pictures/heating_element_switching.png  used on input 
line 25.
(pdftex.def)             Requested size: 473.0077pt x 318.50269pt.

Overfull \hbox (43.00308pt too wide) in paragraph at lines 25--26
 [][] 
 []

[65 <./Pictures/heating_element_switching.png>]
<Pictures/water_demand_sample.png, id=1003, 1205.50375pt x 955.57pt>
File: Pictures/water_demand_sample.png Graphic file (type png)
<use Pictures/water_demand_sample.png>
Package pdftex.def Info: Pictures/water_demand_sample.png  used on input line 3
3.
(pdftex.def)             Requested size: 473.0077pt x 374.93083pt.

Overfull \hbox (43.00308pt too wide) in paragraph at lines 33--34
 [][] 
 []

[66 <./Pictures/water_demand_sample.png>]
<Pictures/house_profile_sample.png, id=1011, 1201.48875pt x 806.01125pt>
File: Pictures/house_profile_sample.png Graphic file (type png)
<use Pictures/house_profile_sample.png>
Package pdftex.def Info: Pictures/house_profile_sample.png  used on input line 
42.
(pdftex.def)             Requested size: 473.0077pt x 317.30711pt.

Overfull \hbox (43.00308pt too wide) in paragraph at lines 42--43
 [][] 
 []

[67 <./Pictures/house_profile_sample.png>]
Overfull \hbox (351.36226pt too wide) in paragraph at lines 49--50
[]\OT1/cmr/m/n/12 // ==========================================================
======================== 
 []

<Pictures/basecase_single_phase_652_power.png, id=1018, 867.24pt x 578.16pt>
File: Pictures/basecase_single_phase_652_power.png Graphic file (type png)
<use Pictures/basecase_single_phase_652_power.png>
Package pdftex.def Info: Pictures/basecase_single_phase_652_power.png  used on 
input line 53.
(pdftex.def)             Requested size: 473.0077pt x 315.34238pt.

Overfull \hbox (43.00308pt too wide) in paragraph at lines 53--54
 [][] 
 []

[68 <./Pictures/basecase_single_phase_652_power.png>]
<Pictures/basecase_two_phase_684_power.png, id=1025, 867.24pt x 578.16pt>
File: Pictures/basecase_two_phase_684_power.png Graphic file (type png)
<use Pictures/basecase_two_phase_684_power.png>
Package pdftex.def Info: Pictures/basecase_two_phase_684_power.png  used on inp
ut line 62.
(pdftex.def)             Requested size: 473.0077pt x 315.34238pt.

Overfull \hbox (43.00308pt too wide) in paragraph at lines 62--63
 [][] 
 []

[69 <./Pictures/basecase_two_phase_684_power.png>]
<Pictures/basecase_three_phase_633_power.png, id=1032, 867.24pt x 578.16pt>
File: Pictures/basecase_three_phase_633_power.png Graphic file (type png)
<use Pictures/basecase_three_phase_633_power.png>
Package pdftex.def Info: Pictures/basecase_three_phase_633_power.png  used on i
nput line 71.
(pdftex.def)             Requested size: 473.0077pt x 315.34238pt.

Overfull \hbox (43.00308pt too wide) in paragraph at lines 71--72
 [][] 
 []

[70 <./Pictures/basecase_three_phase_633_power.png>]
<Pictures/twenty_single_phase_652_power.png, id=1039, 867.24pt x 578.16pt>
File: Pictures/twenty_single_phase_652_power.png Graphic file (type png)
<use Pictures/twenty_single_phase_652_power.png>
Package pdftex.def Info: Pictures/twenty_single_phase_652_power.png  used on in
put line 80.
(pdftex.def)             Requested size: 473.0077pt x 315.34238pt.

Overfull \hbox (43.00308pt too wide) in paragraph at lines 80--81
 [][] 
 []

[71 <./Pictures/twenty_single_phase_652_power.png>]
<Pictures/twenty_two_phase_684_power.png, id=1046, 867.24pt x 578.16pt>
File: Pictures/twenty_two_phase_684_power.png Graphic file (type png)
<use Pictures/twenty_two_phase_684_power.png>
Package pdftex.def Info: Pictures/twenty_two_phase_684_power.png  used on input
 line 89.
(pdftex.def)             Requested size: 473.0077pt x 315.34238pt.

Overfull \hbox (43.00308pt too wide) in paragraph at lines 89--90
 [][] 
 []

[72 <./Pictures/twenty_two_phase_684_power.png>]
<Pictures/twenty_three_phase_633_power.png, id=1054, 867.24pt x 578.16pt>
File: Pictures/twenty_three_phase_633_power.png Graphic file (type png)
<use Pictures/twenty_three_phase_633_power.png>
Package pdftex.def Info: Pictures/twenty_three_phase_633_power.png  used on inp
ut line 98.
(pdftex.def)             Requested size: 473.0077pt x 315.34238pt.

Overfull \hbox (43.00308pt too wide) in paragraph at lines 98--99
 [][] 
 []

<Pictures/fourty_single_phase_652_power.png, id=1055, 867.24pt x 578.16pt>
File: Pictures/fourty_single_phase_652_power.png Graphic file (type png)
<use Pictures/fourty_single_phase_652_power.png>
Package pdftex.def Info: Pictures/fourty_single_phase_652_power.png  used on in
put line 108.
(pdftex.def)             Requested size: 473.0077pt x 315.34238pt.

Overfull \hbox (43.00308pt too wide) in paragraph at lines 108--109
 [][] 
 []

[73 <./Pictures/twenty_three_phase_633_power.png>] [74 <./Pictures/fourty_singl
e_phase_652_power.png>]
<Pictures/fourty_two_phase_684_power.png, id=1068, 867.24pt x 578.16pt>
File: Pictures/fourty_two_phase_684_power.png Graphic file (type png)
<use Pictures/fourty_two_phase_684_power.png>
Package pdftex.def Info: Pictures/fourty_two_phase_684_power.png  used on input
 line 117.
(pdftex.def)             Requested size: 473.0077pt x 315.34238pt.

Overfull \hbox (43.00308pt too wide) in paragraph at lines 117--118
 [][] 
 []

[75 <./Pictures/fourty_two_phase_684_power.png>]
<Pictures/fourty_three_phase_633_power.png, id=1075, 867.24pt x 578.16pt>
File: Pictures/fourty_three_phase_633_power.png Graphic file (type png)
<use Pictures/fourty_three_phase_633_power.png>
Package pdftex.def Info: Pictures/fourty_three_phase_633_power.png  used on inp
ut line 126.
(pdftex.def)             Requested size: 473.0077pt x 315.34238pt.

Overfull \hbox (43.00308pt too wide) in paragraph at lines 126--127
 [][] 
 []

[76 <./Pictures/fourty_three_phase_633_power.png>]
<Pictures/sixty_single_phase_652_power.png, id=1082, 867.24pt x 578.16pt>
File: Pictures/sixty_single_phase_652_power.png Graphic file (type png)
<use Pictures/sixty_single_phase_652_power.png>
Package pdftex.def Info: Pictures/sixty_single_phase_652_power.png  used on inp
ut line 137.
(pdftex.def)             Requested size: 473.0077pt x 315.34238pt.

Overfull \hbox (43.00308pt too wide) in paragraph at lines 137--138
 [][] 
 []

[77 <./Pictures/sixty_single_phase_652_power.png>]
<Pictures/sixty_two_phase_684_power.png, id=1089, 867.24pt x 578.16pt>
File: Pictures/sixty_two_phase_684_power.png Graphic file (type png)
<use Pictures/sixty_two_phase_684_power.png>
Package pdftex.def Info: Pictures/sixty_two_phase_684_power.png  used on input 
line 146.
(pdftex.def)             Requested size: 473.0077pt x 315.34238pt.

Overfull \hbox (43.00308pt too wide) in paragraph at lines 146--147
 [][] 
 []

[78 <./Pictures/sixty_two_phase_684_power.png>]
<Pictures/sixty_three_phase_633_power.png, id=1097, 867.24pt x 578.16pt>
File: Pictures/sixty_three_phase_633_power.png Graphic file (type png)
<use Pictures/sixty_three_phase_633_power.png>
Package pdftex.def Info: Pictures/sixty_three_phase_633_power.png  used on inpu
t line 155.
(pdftex.def)             Requested size: 473.0077pt x 315.34238pt.

Overfull \hbox (43.00308pt too wide) in paragraph at lines 155--156
 [][] 
 []

[79 <./Pictures/sixty_three_phase_633_power.png>]
<Pictures/eighty_single_phase_652_power.png, id=1104, 867.24pt x 578.16pt>
File: Pictures/eighty_single_phase_652_power.png Graphic file (type png)
<use Pictures/eighty_single_phase_652_power.png>
Package pdftex.def Info: Pictures/eighty_single_phase_652_power.png  used on in
put line 167.
(pdftex.def)             Requested size: 473.0077pt x 315.34238pt.

Overfull \hbox (43.00308pt too wide) in paragraph at lines 167--168
 [][] 
 []

[80 <./Pictures/eighty_single_phase_652_power.png>]
<Pictures/eighty_two_phase_684_power.png, id=1111, 867.24pt x 578.16pt>
File: Pictures/eighty_two_phase_684_power.png Graphic file (type png)
<use Pictures/eighty_two_phase_684_power.png>
Package pdftex.def Info: Pictures/eighty_two_phase_684_power.png  used on input
 line 176.
(pdftex.def)             Requested size: 473.0077pt x 315.34238pt.

Overfull \hbox (43.00308pt too wide) in paragraph at lines 176--177
 [][] 
 []

[81 <./Pictures/eighty_two_phase_684_power.png>]
<Pictures/eighty_three_phase_633_power.png, id=1119, 867.24pt x 578.16pt>
File: Pictures/eighty_three_phase_633_power.png Graphic file (type png)
<use Pictures/eighty_three_phase_633_power.png>
Package pdftex.def Info: Pictures/eighty_three_phase_633_power.png  used on inp
ut line 185.
(pdftex.def)             Requested size: 473.0077pt x 315.34238pt.

Overfull \hbox (43.00308pt too wide) in paragraph at lines 185--186
 [][] 
 []

[82 <./Pictures/eighty_three_phase_633_power.png>]
<Pictures/hundred_single_phase_652_power.png, id=1126, 867.24pt x 578.16pt>
File: Pictures/hundred_single_phase_652_power.png Graphic file (type png)
<use Pictures/hundred_single_phase_652_power.png>
Package pdftex.def Info: Pictures/hundred_single_phase_652_power.png  used on i
nput line 198.
(pdftex.def)             Requested size: 473.0077pt x 315.34238pt.

Overfull \hbox (43.00308pt too wide) in paragraph at lines 198--199
 [][] 
 []

[83 <./Pictures/hundred_single_phase_652_power.png>]
<Pictures/hundred_two_phase_684_power.png, id=1133, 867.24pt x 578.16pt>
File: Pictures/hundred_two_phase_684_power.png Graphic file (type png)
<use Pictures/hundred_two_phase_684_power.png>
Package pdftex.def Info: Pictures/hundred_two_phase_684_power.png  used on inpu
t line 207.
(pdftex.def)             Requested size: 473.0077pt x 315.34238pt.

Overfull \hbox (43.00308pt too wide) in paragraph at lines 207--208
 [][] 
 []

[84 <./Pictures/hundred_two_phase_684_power.png>]
<Pictures/hundred_three_phase_633_power.png, id=1141, 867.24pt x 578.16pt>
File: Pictures/hundred_three_phase_633_power.png Graphic file (type png)
<use Pictures/hundred_three_phase_633_power.png>
Package pdftex.def Info: Pictures/hundred_three_phase_633_power.png  used on in
put line 216.
(pdftex.def)             Requested size: 473.0077pt x 315.34238pt.

Overfull \hbox (43.00308pt too wide) in paragraph at lines 216--217
 [][] 
 []


Overfull \hbox (351.36226pt too wide) in paragraph at lines 223--224
[]\OT1/cmr/m/n/12 // ==========================================================
======================== 
 []

<Pictures/basecase_single_phase_652_volt.png, id=1142, 867.24pt x 578.16pt>
File: Pictures/basecase_single_phase_652_volt.png Graphic file (type png)
<use Pictures/basecase_single_phase_652_volt.png>
Package pdftex.def Info: Pictures/basecase_single_phase_652_volt.png  used on i
nput line 227.
(pdftex.def)             Requested size: 473.0077pt x 315.34238pt.

Overfull \hbox (43.00308pt too wide) in paragraph at lines 227--228
 [][] 
 []

[85 <./Pictures/hundred_three_phase_633_power.png>] [86 <./Pictures/basecase_si
ngle_phase_652_volt.png>]
<Pictures/basecase_two_phase_684_volt.png, id=1155, 867.24pt x 578.16pt>
File: Pictures/basecase_two_phase_684_volt.png Graphic file (type png)
<use Pictures/basecase_two_phase_684_volt.png>
Package pdftex.def Info: Pictures/basecase_two_phase_684_volt.png  used on inpu
t line 236.
(pdftex.def)             Requested size: 473.0077pt x 315.34238pt.

Overfull \hbox (43.00308pt too wide) in paragraph at lines 236--237
 [][] 
 []

[87 <./Pictures/basecase_two_phase_684_volt.png>]
<Pictures/basecase_three_phase_633_volt.png, id=1162, 867.24pt x 578.16pt>
File: Pictures/basecase_three_phase_633_volt.png Graphic file (type png)
<use Pictures/basecase_three_phase_633_volt.png>
Package pdftex.def Info: Pictures/basecase_three_phase_633_volt.png  used on in
put line 245.
(pdftex.def)             Requested size: 473.0077pt x 315.34238pt.

Overfull \hbox (43.00308pt too wide) in paragraph at lines 245--246
 [][] 
 []

[88 <./Pictures/basecase_three_phase_633_volt.png>]
<Pictures/twenty_single_phase_652_volt.png, id=1169, 867.24pt x 578.16pt>
File: Pictures/twenty_single_phase_652_volt.png Graphic file (type png)
<use Pictures/twenty_single_phase_652_volt.png>
Package pdftex.def Info: Pictures/twenty_single_phase_652_volt.png  used on inp
ut line 254.
(pdftex.def)             Requested size: 473.0077pt x 315.34238pt.

Overfull \hbox (43.00308pt too wide) in paragraph at lines 254--255
 [][] 
 []

[89 <./Pictures/twenty_single_phase_652_volt.png>]
<Pictures/twenty_two_phase_684_volt.png, id=1176, 867.24pt x 578.16pt>
File: Pictures/twenty_two_phase_684_volt.png Graphic file (type png)
<use Pictures/twenty_two_phase_684_volt.png>
Package pdftex.def Info: Pictures/twenty_two_phase_684_volt.png  used on input 
line 263.
(pdftex.def)             Requested size: 473.0077pt x 315.34238pt.

Overfull \hbox (43.00308pt too wide) in paragraph at lines 263--264
 [][] 
 []

[90 <./Pictures/twenty_two_phase_684_volt.png>]
<Pictures/twenty_three_phase_633_volt.png, id=1184, 867.24pt x 578.16pt>
File: Pictures/twenty_three_phase_633_volt.png Graphic file (type png)
<use Pictures/twenty_three_phase_633_volt.png>
Package pdftex.def Info: Pictures/twenty_three_phase_633_volt.png  used on inpu
t line 272.
(pdftex.def)             Requested size: 473.0077pt x 315.34238pt.

Overfull \hbox (43.00308pt too wide) in paragraph at lines 272--273
 [][] 
 []

<Pictures/fourty_single_phase_652_volt.png, id=1185, 867.24pt x 578.16pt>
File: Pictures/fourty_single_phase_652_volt.png Graphic file (type png)
<use Pictures/fourty_single_phase_652_volt.png>
Package pdftex.def Info: Pictures/fourty_single_phase_652_volt.png  used on inp
ut line 282.
(pdftex.def)             Requested size: 473.0077pt x 315.34238pt.

Overfull \hbox (43.00308pt too wide) in paragraph at lines 282--283
 [][] 
 []

[91 <./Pictures/twenty_three_phase_633_volt.png>] [92 <./Pictures/fourty_single
_phase_652_volt.png>]
<Pictures/fourty_two_phase_684_volt.png, id=1198, 867.24pt x 578.16pt>
File: Pictures/fourty_two_phase_684_volt.png Graphic file (type png)
<use Pictures/fourty_two_phase_684_volt.png>
Package pdftex.def Info: Pictures/fourty_two_phase_684_volt.png  used on input 
line 291.
(pdftex.def)             Requested size: 473.0077pt x 315.34238pt.

Overfull \hbox (43.00308pt too wide) in paragraph at lines 291--292
 [][] 
 []

[93 <./Pictures/fourty_two_phase_684_volt.png>]
<Pictures/fourty_three_phase_633_volt.png, id=1205, 867.24pt x 578.16pt>
File: Pictures/fourty_three_phase_633_volt.png Graphic file (type png)
<use Pictures/fourty_three_phase_633_volt.png>
Package pdftex.def Info: Pictures/fourty_three_phase_633_volt.png  used on inpu
t line 300.
(pdftex.def)             Requested size: 473.0077pt x 315.34238pt.

Overfull \hbox (43.00308pt too wide) in paragraph at lines 300--301
 [][] 
 []

[94 <./Pictures/fourty_three_phase_633_volt.png>]
<Pictures/sixty_single_phase_652_volt.png, id=1212, 867.24pt x 578.16pt>
File: Pictures/sixty_single_phase_652_volt.png Graphic file (type png)
<use Pictures/sixty_single_phase_652_volt.png>
Package pdftex.def Info: Pictures/sixty_single_phase_652_volt.png  used on inpu
t line 311.
(pdftex.def)             Requested size: 473.0077pt x 315.34238pt.

Overfull \hbox (43.00308pt too wide) in paragraph at lines 311--312
 [][] 
 []

[95 <./Pictures/sixty_single_phase_652_volt.png>]
<Pictures/sixty_two_phase_684_volt.png, id=1219, 867.24pt x 578.16pt>
File: Pictures/sixty_two_phase_684_volt.png Graphic file (type png)
<use Pictures/sixty_two_phase_684_volt.png>
Package pdftex.def Info: Pictures/sixty_two_phase_684_volt.png  used on input l
ine 320.
(pdftex.def)             Requested size: 473.0077pt x 315.34238pt.

Overfull \hbox (43.00308pt too wide) in paragraph at lines 320--321
 [][] 
 []

[96 <./Pictures/sixty_two_phase_684_volt.png>]
<Pictures/sixty_three_phase_633_volt.png, id=1227, 867.24pt x 578.16pt>
File: Pictures/sixty_three_phase_633_volt.png Graphic file (type png)
<use Pictures/sixty_three_phase_633_volt.png>
Package pdftex.def Info: Pictures/sixty_three_phase_633_volt.png  used on input
 line 329.
(pdftex.def)             Requested size: 473.0077pt x 315.34238pt.

Overfull \hbox (43.00308pt too wide) in paragraph at lines 329--330
 [][] 
 []

[97 <./Pictures/sixty_three_phase_633_volt.png>]
<Pictures/eighty_single_phase_652_volt.png, id=1234, 867.24pt x 578.16pt>
File: Pictures/eighty_single_phase_652_volt.png Graphic file (type png)
<use Pictures/eighty_single_phase_652_volt.png>
Package pdftex.def Info: Pictures/eighty_single_phase_652_volt.png  used on inp
ut line 341.
(pdftex.def)             Requested size: 473.0077pt x 315.34238pt.

Overfull \hbox (43.00308pt too wide) in paragraph at lines 341--342
 [][] 
 []

[98 <./Pictures/eighty_single_phase_652_volt.png>]
<Pictures/eighty_two_phase_684_volt.png, id=1241, 867.24pt x 578.16pt>
File: Pictures/eighty_two_phase_684_volt.png Graphic file (type png)
<use Pictures/eighty_two_phase_684_volt.png>
Package pdftex.def Info: Pictures/eighty_two_phase_684_volt.png  used on input 
line 350.
(pdftex.def)             Requested size: 473.0077pt x 315.34238pt.

Overfull \hbox (43.00308pt too wide) in paragraph at lines 350--351
 [][] 
 []

[99 <./Pictures/eighty_two_phase_684_volt.png>]
<Pictures/eighty_three_phase_633_volt.png, id=1248, 867.24pt x 578.16pt>
File: Pictures/eighty_three_phase_633_volt.png Graphic file (type png)
<use Pictures/eighty_three_phase_633_volt.png>
Package pdftex.def Info: Pictures/eighty_three_phase_633_volt.png  used on inpu
t line 359.
(pdftex.def)             Requested size: 473.0077pt x 315.34238pt.

Overfull \hbox (43.00308pt too wide) in paragraph at lines 359--360
 [][] 
 []

[100 <./Pictures/eighty_three_phase_633_volt.png>]
<Pictures/hundred_single_phase_652_volt.png, id=1255, 867.24pt x 578.16pt>
File: Pictures/hundred_single_phase_652_volt.png Graphic file (type png)
<use Pictures/hundred_single_phase_652_volt.png>
Package pdftex.def Info: Pictures/hundred_single_phase_652_volt.png  used on in
put line 372.
(pdftex.def)             Requested size: 473.0077pt x 315.34238pt.

Overfull \hbox (43.00308pt too wide) in paragraph at lines 372--373
 [][] 
 []

[101 <./Pictures/hundred_single_phase_652_volt.png>]
<Pictures/hundred_two_phase_684_volt.png, id=1263, 867.24pt x 578.16pt>
File: Pictures/hundred_two_phase_684_volt.png Graphic file (type png)
<use Pictures/hundred_two_phase_684_volt.png>
Package pdftex.def Info: Pictures/hundred_two_phase_684_volt.png  used on input
 line 381.
(pdftex.def)             Requested size: 473.0077pt x 315.34238pt.

Overfull \hbox (43.00308pt too wide) in paragraph at lines 381--382
 [][] 
 []

[102 <./Pictures/hundred_two_phase_684_volt.png>]
<Pictures/hundred_three_phase_633_volt.png, id=1271, 867.24pt x 578.16pt>
File: Pictures/hundred_three_phase_633_volt.png Graphic file (type png)
<use Pictures/hundred_three_phase_633_volt.png>
Package pdftex.def Info: Pictures/hundred_three_phase_633_volt.png  used on inp
ut line 390.
(pdftex.def)             Requested size: 473.0077pt x 315.34238pt.

Overfull \hbox (43.00308pt too wide) in paragraph at lines 390--391
 [][] 
 []

[103 <./Pictures/hundred_three_phase_633_volt.png>]) (./Summer2022.tex
<Pictures/model_conversion.png, id=1278, 2142.0025pt x 795.97375pt>
File: Pictures/model_conversion.png Graphic file (type png)
<use Pictures/model_conversion.png>
Package pdftex.def Info: Pictures/model_conversion.png  used on input line 7.
(pdftex.def)             Requested size: 301.00192pt x 111.84851pt.
 [104 <./Pictures/model_conversion.png>]
<Pictures/glm_conversion_tool.png, id=1288, 1147.28625pt x 1073.00874pt>
File: Pictures/glm_conversion_tool.png Graphic file (type png)
<use Pictures/glm_conversion_tool.png>
Package pdftex.def Info: Pictures/glm_conversion_tool.png  used on input line 3
8.
(pdftex.def)             Requested size: 301.00192pt x 281.51347pt.
) [105 <./Pictures/glm_conversion_tool.png>]
[106]
No file main.bbl.
(./Bios.tex)
Package atveryend Info: Empty hook `BeforeClearDocument' on input line 250.
Package atveryend Info: Empty hook `AfterLastShipout' on input line 250.
 (./main.aux)
Package atveryend Info: Executing hook `AtVeryEndDocument' on input line 250.
Package atveryend Info: Executing hook `AtEndAfterFileList' on input line 250.


Package rerunfilecheck Warning: File `main.out' has changed.
(rerunfilecheck)                Rerun to get outlines right
(rerunfilecheck)                or use package `bookmark'.

Package rerunfilecheck Info: Checksums for `main.out':
(rerunfilecheck)             Before: 684DEB7DD5D70E27A48AF74BE7A8A304;4397
(rerunfilecheck)             After:  AC480ECCFF939EF844D5B2458F4D2671;4479.

LaTeX Warning: There were undefined references.

Package atveryend Info: Empty hook `AtVeryVeryEnd' on input line 250.
 ) 
Here is how much of TeX's memory you used:
 15942 strings out of 483183
 250190 string characters out of 5966292
 661419 words of memory out of 5000000
 30249 multiletter control sequences out of 15000+600000
 541841 words of font info for 56 fonts, out of 8000000 for 9000
 14 hyphenation exceptions out of 8191
 55i,16n,96p,1008b,702s stack positions out of 5000i,500n,10000p,200000b,80000s
pdfTeX warning (dest): name{glo:emcb} has been referenced but does not exist,
 replaced by a fixed one

pdfTeX warning (dest): name{glo:hpwh} has been referenced but does not exist, r
eplaced by a fixed one

 </home/deras/.texlive2019/texmf-var/fonts/pk/ljfour/jknappen/ec/tcrm1200.600pk
> </home/deras/.texlive2019/texmf-var/fonts/pk/ljfour/jknappen/ec/tcss1000.600p
k></usr/share/texlive/texmf-dist/fonts/type1/public/amsfonts/cm/cmbx10.pfb></us
r/share/texlive/texmf-dist/fonts/type1/public/amsfonts/cm/cmbx12.pfb></usr/shar
e/texlive/texmf-dist/fonts/type1/public/amsfonts/cm/cmbxti10.pfb></usr/share/te
xlive/texmf-dist/fonts/type1/public/amsfonts/cm/cmcsc10.pfb></usr/share/texlive
/texmf-dist/fonts/type1/public/amsfonts/cm/cmmi12.pfb></usr/share/texlive/texmf
-dist/fonts/type1/public/amsfonts/cm/cmmi7.pfb></usr/share/texlive/texmf-dist/f
onts/type1/public/amsfonts/cm/cmmi8.pfb></usr/share/texlive/texmf-dist/fonts/ty
pe1/public/amsfonts/cm/cmr10.pfb></usr/share/texlive/texmf-dist/fonts/type1/pub
lic/amsfonts/cm/cmr12.pfb></usr/share/texlive/texmf-dist/fonts/type1/public/ams
fonts/cm/cmr8.pfb></usr/share/texlive/texmf-dist/fonts/type1/public/amsfonts/cm
/cmss10.pfb></usr/share/texlive/texmf-dist/fonts/type1/public/amsfonts/cm/cmsy1
0.pfb></usr/share/texlive/texmf-dist/fonts/type1/public/amsfonts/cm/cmsy6.pfb><
/usr/share/texlive/texmf-dist/fonts/type1/public/amsfonts/cm/cmsy8.pfb></usr/sh
are/texlive/texmf-dist/fonts/type1/public/amsfonts/cm/cmti12.pfb></usr/share/te
xlive/texmf-dist/fonts/type1/public/amsfonts/cm/cmtt12.pfb>
Output written on main.pdf (107 pages, 5906155 bytes).
PDF statistics:
 1434 PDF objects out of 1440 (max. 8388607)
 1149 compressed objects within 12 object streams
 296 named destinations out of 1000 (max. 500000)
 823 words of extra memory for PDF output out of 10000 (max. 10000000)

